
> frontend@0.1.0 start
> react-scripts start

(node:12793) [DEP_WEBPACK_DEV_SERVER_ON_AFTER_SETUP_MIDDLEWARE] DeprecationWarning: 'onAfterSetupMiddleware' option is deprecated. Please use the 'setupMiddlewares' option.
(Use `node --trace-deprecation ...` to show where the warning was created)
(node:12793) [DEP_WEBPACK_DEV_SERVER_ON_BEFORE_SETUP_MIDDLEWARE] DeprecationWarning: 'onBeforeSetupMiddleware' option is deprecated. Please use the 'setupMiddlewares' option.
Starting the development server...

Failed to compile.

Module not found: Error: Can't resolve './index.css' in '/app/frontend/src'
WARNING in [eslint]
src/App.js
  Line 1:27:  'useEffect' is defined but never used  no-unused-vars
  Line 5:8:   'socket' is defined but never used     no-unused-vars

ERROR in ./src/index.js 7:0-21
Module not found: Error: Can't resolve './index.css' in '/app/frontend/src'

webpack compiled with 1 error and 1 warning
Compiling...
Compiled with warnings.

[eslint]
src/App.js
  Line 1:27:  'useEffect' is defined but never used  no-unused-vars
  Line 5:8:   'socket' is defined but never used     no-unused-vars

Search for the keywords to learn more about each warning.
To ignore, add // eslint-disable-next-line to the line before.

WARNING in [eslint]
src/App.js
  Line 1:27:  'useEffect' is defined but never used  no-unused-vars
  Line 5:8:   'socket' is defined but never used     no-unused-vars

webpack compiled with 1 warning
Compiling...
Compiled with warnings.

[eslint]
src/App.js
  Line 1:27:  'useEffect' is defined but never used  no-unused-vars
  Line 5:8:   'socket' is defined but never used     no-unused-vars

src/components/Board.js
  Line 10:9:  'bottomRow' is assigned a value but never used  no-unused-vars
  Line 11:9:  'leftRow' is assigned a value but never used    no-unused-vars
  Line 12:9:  'topRow' is assigned a value but never used     no-unused-vars
  Line 13:9:  'rightRow' is assigned a value but never used   no-unused-vars

Search for the keywords to learn more about each warning.
To ignore, add // eslint-disable-next-line to the line before.

WARNING in [eslint]
src/App.js
  Line 1:27:  'useEffect' is defined but never used  no-unused-vars
  Line 5:8:   'socket' is defined but never used     no-unused-vars

src/components/Board.js
  Line 10:9:  'bottomRow' is assigned a value but never used  no-unused-vars
  Line 11:9:  'leftRow' is assigned a value but never used    no-unused-vars
  Line 12:9:  'topRow' is assigned a value but never used     no-unused-vars
  Line 13:9:  'rightRow' is assigned a value but never used   no-unused-vars

webpack compiled with 1 warning
Compiling...
Compiled with warnings.

[eslint]
src/App.js
  Line 1:27:  'useEffect' is defined but never used  no-unused-vars
  Line 5:8:   'socket' is defined but never used     no-unused-vars

src/components/Board.js
  Line 10:9:  'bottomRow' is assigned a value but never used  no-unused-vars
  Line 11:9:  'leftRow' is assigned a value but never used    no-unused-vars
  Line 12:9:  'topRow' is assigned a value but never used     no-unused-vars
  Line 13:9:  'rightRow' is assigned a value but never used   no-unused-vars

Search for the keywords to learn more about each warning.
To ignore, add // eslint-disable-next-line to the line before.

WARNING in [eslint]
src/App.js
  Line 1:27:  'useEffect' is defined but never used  no-unused-vars
  Line 5:8:   'socket' is defined but never used     no-unused-vars

src/components/Board.js
  Line 10:9:  'bottomRow' is assigned a value but never used  no-unused-vars
  Line 11:9:  'leftRow' is assigned a value but never used    no-unused-vars
  Line 12:9:  'topRow' is assigned a value but never used     no-unused-vars
  Line 13:9:  'rightRow' is assigned a value but never used   no-unused-vars

webpack compiled with 1 warning
Compiling...
Compiled with warnings.

[eslint]
src/App.js
  Line 1:27:  'useEffect' is defined but never used  no-unused-vars
  Line 5:8:   'socket' is defined but never used     no-unused-vars

src/components/Board.js
  Line 10:9:  'bottomRow' is assigned a value but never used  no-unused-vars
  Line 11:9:  'leftRow' is assigned a value but never used    no-unused-vars
  Line 12:9:  'topRow' is assigned a value but never used     no-unused-vars
  Line 13:9:  'rightRow' is assigned a value but never used   no-unused-vars

Search for the keywords to learn more about each warning.
To ignore, add // eslint-disable-next-line to the line before.

WARNING in [eslint]
src/App.js
  Line 1:27:  'useEffect' is defined but never used  no-unused-vars
  Line 5:8:   'socket' is defined but never used     no-unused-vars

src/components/Board.js
  Line 10:9:  'bottomRow' is assigned a value but never used  no-unused-vars
  Line 11:9:  'leftRow' is assigned a value but never used    no-unused-vars
  Line 12:9:  'topRow' is assigned a value but never used     no-unused-vars
  Line 13:9:  'rightRow' is assigned a value but never used   no-unused-vars

webpack compiled with 1 warning
